[debug] [2018-12-05T21:15:47.816Z] ----------------------------------------------------------------------
[debug] [2018-12-05T21:15:47.818Z] Command:       C:\Program Files\nodejs\node.exe D:\Users\Ryan\AppData\Roaming\npm\node_modules\firebase-tools\lib\bin\firebase.js deploy
[debug] [2018-12-05T21:15:47.818Z] CLI Version:   6.1.1
[debug] [2018-12-05T21:15:47.818Z] Platform:      win32
[debug] [2018-12-05T21:15:47.818Z] Node Version:  v10.9.0
[debug] [2018-12-05T21:15:47.819Z] Time:          Wed Dec 05 2018 14:15:47 GMT-0700 (Mountain Standard Time)
[debug] [2018-12-05T21:15:47.819Z] ----------------------------------------------------------------------
[debug] 
[debug] [2018-12-05T21:15:47.831Z] > command requires scopes: ["email","openid","https://www.googleapis.com/auth/cloudplatformprojects.readonly","https://www.googleapis.com/auth/firebase","https://www.googleapis.com/auth/cloud-platform"]
[debug] [2018-12-05T21:15:47.832Z] > authorizing via signed-in user
[debug] [2018-12-05T21:15:47.832Z] [iam] checking project campus-nav-7bb41 for permissions ["cloudfunctions.functions.create","cloudfunctions.functions.delete","cloudfunctions.functions.get","cloudfunctions.functions.list","cloudfunctions.functions.update","cloudfunctions.operations.get","firebase.projects.get","firebasedatabase.instances.update","firebasehosting.sites.update","firebaserules.releases.create","firebaserules.releases.update","firebaserules.rulesets.create"]
[debug] [2018-12-05T21:15:47.834Z] > refreshing access token with scopes: ["email","https://www.googleapis.com/auth/cloud-platform","https://www.googleapis.com/auth/cloudplatformprojects.readonly","https://www.googleapis.com/auth/firebase","openid"]
[debug] [2018-12-05T21:15:47.834Z] >>> HTTP REQUEST POST https://www.googleapis.com/oauth2/v3/token  
 <request body omitted>
[debug] [2018-12-05T21:15:47.985Z] <<< HTTP RESPONSE 200
[debug] [2018-12-05T21:15:48.015Z] >>> HTTP REQUEST POST https://cloudresourcemanager.googleapis.com/v1/projects/campus-nav-7bb41:testIamPermissions  

[debug] [2018-12-05T21:15:48.271Z] <<< HTTP RESPONSE 200
[debug] [2018-12-05T21:15:48.272Z] >>> HTTP REQUEST GET https://firebase.googleapis.com/v1beta1/projects/campus-nav-7bb41  
 
[debug] [2018-12-05T21:15:48.591Z] <<< HTTP RESPONSE 200
[info] 
[info] === Deploying to 'campus-nav-7bb41'...
[info] 
[info] i  deploying database, storage, functions, hosting
[info] i  database: checking rules syntax...
[debug] [2018-12-05T21:15:50.472Z] >>> HTTP REQUEST PUT https://campus-nav-7bb41.firebaseio.com/.settings/rules.json?dryRun=true  
 {
  /* Visit https://firebase.google.com/docs/database/security to learn more about security rules. */
  "rules": {
    ".read": true,
    ".write": true
  }
}
[debug] [2018-12-05T21:15:50.729Z] <<< HTTP RESPONSE 200
[info] +  database: rules syntax for database campus-nav-7bb41 is valid
[debug] [2018-12-05T21:15:50.731Z] >>> HTTP REQUEST GET https://appengine.googleapis.com/v1/apps/campus-nav-7bb41  
 
[debug] [2018-12-05T21:15:51.016Z] <<< HTTP RESPONSE 200
[info] i  storage: checking storage.rules for compilation errors...
[debug] [2018-12-05T21:15:51.021Z] >>> HTTP REQUEST POST https://firebaserules.googleapis.com/v1/projects/campus-nav-7bb41:test  

[debug] [2018-12-05T21:15:51.163Z] <<< HTTP RESPONSE 200
[info] +  storage: rules file storage.rules compiled successfully
[debug] [2018-12-05T21:15:51.172Z] > [functions] package.json contents: {
  "name": "functions",
  "description": "Cloud Functions for Firebase",
  "scripts": {
    "serve": "firebase serve --only functions",
    "shell": "firebase functions:shell",
    "start": "npm run shell",
    "deploy": "firebase deploy --only functions",
    "logs": "firebase functions:log"
  },
  "dependencies": {
    "firebase-admin": "~6.0.0",
    "firebase-functions": "^2.1.0",
    "htmlparser2": "^3.10.0"
  },
  "private": true,
  "engines": {
    "node": "8"
  }
}
[info] i  functions: ensuring necessary APIs are enabled...
[debug] [2018-12-05T21:15:51.175Z] >>> HTTP REQUEST GET https://servicemanagement.googleapis.com/v1/services/cloudfunctions.googleapis.com/projectSettings/campus-nav-7bb41?view=CONSUMER_VIEW  
 
[debug] [2018-12-05T21:15:51.176Z] >>> HTTP REQUEST GET https://servicemanagement.googleapis.com/v1/services/runtimeconfig.googleapis.com/projectSettings/campus-nav-7bb41?view=CONSUMER_VIEW  
 
[debug] [2018-12-05T21:15:51.912Z] <<< HTTP RESPONSE 200
[debug] [2018-12-05T21:15:51.917Z] <<< HTTP RESPONSE 200
[info] +  functions: all necessary APIs are enabled
[debug] [2018-12-05T21:15:51.918Z] >>> HTTP REQUEST GET https://cloudresourcemanager.googleapis.com/v1/projects/campus-nav-7bb41  
 
[debug] [2018-12-05T21:15:52.100Z] <<< HTTP RESPONSE 200
[debug] [2018-12-05T21:15:52.101Z] >>> HTTP REQUEST GET https://mobilesdk-pa.googleapis.com/v1/projects/349341761920:getServerAppConfig  
 
[debug] [2018-12-05T21:15:52.287Z] <<< HTTP RESPONSE 200
[debug] [2018-12-05T21:15:52.288Z] >>> HTTP REQUEST POST https://firebasehosting.googleapis.com/v1beta1/sites/campus-nav-7bb41/versions  

[debug] [2018-12-05T21:15:53.789Z] <<< HTTP RESPONSE 200
[info] i  storage: uploading rules storage.rules...
[debug] [2018-12-05T21:15:53.790Z] >>> HTTP REQUEST POST https://firebaserules.googleapis.com/v1/projects/campus-nav-7bb41/rulesets  

[debug] [2018-12-05T21:15:53.945Z] <<< HTTP RESPONSE 200
[debug] [2018-12-05T21:15:53.946Z] [rules] created ruleset projects/campus-nav-7bb41/rulesets/1176bdd1-6d43-4548-913f-1882d912dbf4
[info] i  functions: preparing functions directory for uploading...
[debug] [2018-12-05T21:15:53.968Z] >>> HTTP REQUEST GET https://runtimeconfig.googleapis.com/v1beta1/projects/campus-nav-7bb41/configs  
 
[debug] [2018-12-05T21:15:54.151Z] <<< HTTP RESPONSE 200
[info] i  functions: packaged functions (43.13 KB) for uploading
[debug] [2018-12-05T21:15:54.766Z] >>> HTTP REQUEST POST https://cloudfunctions.googleapis.com/v1/projects/campus-nav-7bb41/locations/us-central1/functions:generateUploadUrl  
 
[debug] [2018-12-05T21:15:55.040Z] <<< HTTP RESPONSE 200
[debug] [2018-12-05T21:15:55.041Z] >>> HTTP REQUEST PUT https://storage.googleapis.com/gcf-upload-us-central1-1cd13611-0c7f-4f77-a6c1-f355756a8ea8/1f8e313e-fedd-4bc9-99d1-665aa2010a6f.zip?GoogleAccessId=service-349341761920@gcf-admin-robot.iam.gserviceaccount.com&Expires=1544046352&Signature=xV%2F%2BVfBmCfkmZEyd%2FkRCbsTM7j2Z0bu%2F7Y%2BwXNcDzUjAlQwvEVALi1mt%2Bo755Jxvq2Au5xNyDOQ1uo8CoWUxS951p3sP%2B2j1veCdjgR73WhAHyPUnth%2BVQAa9m8G8raJh%2FkHhMZcRs2NxH2bRNVAuRB6BEEgX1r5YBVHojXNOUBkeWuG8zCRm0eqdgGCPFqk3M1YDXZOtiis4XW4JOW%2FZfztm25YgvUJoa8OCh3XU7wUvFGbWbkBkpnrSKSqZjbMiwpQHqcUsEjCRYfkmN7lvkRHpuyonqxCNU0NpcoIpK8S%2B6HEJL2X2Wow2aFWfKHp%2BVHoUnysdSq5aBb7QY8P9g%3D%3D  

[debug] [2018-12-05T21:15:55.314Z] <<< HTTP RESPONSE 200
[info] +  functions: functions folder uploaded successfully
[info] i  hosting[campus-nav-7bb41]: beginning deploy...
[info] i  hosting[campus-nav-7bb41]: found 16 files in build
[debug] [2018-12-05T21:15:55.336Z] [hosting] hash cache [YnVpbGQ] load error: lines is not defined
[debug] [2018-12-05T21:15:55.846Z] [hosting] hash cache [YnVpbGQ] stored for 16 files
[debug] [2018-12-05T21:15:55.846Z] [hosting][hash queue][FINAL]
[debug] [2018-12-05T21:15:55.846Z] >>> HTTP REQUEST POST https://firebasehosting.googleapis.com/v1beta1/sites/campus-nav-7bb41/versions/8b8daaa8030646f3:populateFiles  
 <request body omitted>
[debug] [2018-12-05T21:15:56.563Z] <<< HTTP RESPONSE 200
[debug] [2018-12-05T21:15:56.568Z] [hosting][populate queue][FINAL]
[debug] [2018-12-05T21:15:56.568Z] [hosting] uploads queued: 10
[debug] [2018-12-05T21:15:59.108Z] [hosting][upload queue][FINAL]
[info] +  hosting[campus-nav-7bb41]: file upload complete
[debug] [2018-12-05T21:15:59.111Z] [hosting] deploy completed after 3791ms
[info] i  database: releasing rules...
[debug] [2018-12-05T21:15:59.121Z] >>> HTTP REQUEST PUT https://campus-nav-7bb41.firebaseio.com/.settings/rules.json  
 {
  /* Visit https://firebase.google.com/docs/database/security to learn more about security rules. */
  "rules": {
    ".read": true,
    ".write": true
  }
}
[debug] [2018-12-05T21:15:59.398Z] <<< HTTP RESPONSE 200
[info] +  database: rules for database campus-nav-7bb41 released successfully
[debug] [2018-12-05T21:15:59.403Z] [rules] releasing firebase.storage/campus-nav-7bb41.appspot.com with ruleset projects/campus-nav-7bb41/rulesets/1176bdd1-6d43-4548-913f-1882d912dbf4
[debug] [2018-12-05T21:15:59.404Z] >>> HTTP REQUEST PATCH https://firebaserules.googleapis.com/v1/projects/campus-nav-7bb41/releases/firebase.storage/campus-nav-7bb41.appspot.com  

[debug] [2018-12-05T21:15:59.543Z] <<< HTTP RESPONSE 200
[debug] [2018-12-05T21:15:59.543Z] [rules] updated release projects/campus-nav-7bb41/releases/firebase.storage/campus-nav-7bb41.appspot.com
[info] +  storage: released rules storage.rules to firebase.storage/campus-nav-7bb41.appspot.com
[debug] [2018-12-05T21:15:59.550Z] >>> HTTP REQUEST GET https://cloudfunctions.googleapis.com/v1/projects/campus-nav-7bb41/locations/-/functions  
 
[debug] [2018-12-05T21:16:00.066Z] <<< HTTP RESPONSE 200
[info] i  functions: updating Node.js 8 function parseSchedule(us-central1)...
[debug] [2018-12-05T21:16:00.070Z] Trigger is:  {"eventTrigger":{"resource":"projects/_/buckets/campus-nav-7bb41.appspot.com","eventType":"google.storage.object.finalize","service":"storage.googleapis.com"}}
[debug] [2018-12-05T21:16:00.072Z] >>> HTTP REQUEST PATCH https://cloudfunctions.googleapis.com/v1/projects/campus-nav-7bb41/locations/us-central1/functions/parseSchedule {"updateMask":"sourceUploadUrl,name,labels,runtime,eventTrigger.resource,eventTrigger.eventType,eventTrigger.service"} 

[debug] [2018-12-05T21:16:00.759Z] <<< HTTP RESPONSE 200
[debug] [2018-12-05T21:16:00.763Z] >>> HTTP REQUEST GET https://cloudfunctions.googleapis.com/v1/operations/Y2FtcHVzLW5hdi03YmI0MS91cy1jZW50cmFsMS9wYXJzZVNjaGVkdWxlL1pYVDFsZHdQLWFr  
 
[debug] [2018-12-05T21:16:00.995Z] <<< HTTP RESPONSE 200
[debug] [2018-12-05T21:16:02.997Z] >>> HTTP REQUEST GET https://cloudfunctions.googleapis.com/v1/operations/Y2FtcHVzLW5hdi03YmI0MS91cy1jZW50cmFsMS9wYXJzZVNjaGVkdWxlL1pYVDFsZHdQLWFr  
 
[debug] [2018-12-05T21:16:03.124Z] <<< HTTP RESPONSE 200
[debug] [2018-12-05T21:16:05.125Z] >>> HTTP REQUEST GET https://cloudfunctions.googleapis.com/v1/operations/Y2FtcHVzLW5hdi03YmI0MS91cy1jZW50cmFsMS9wYXJzZVNjaGVkdWxlL1pYVDFsZHdQLWFr  
 
[debug] [2018-12-05T21:16:05.252Z] <<< HTTP RESPONSE 200
[debug] [2018-12-05T21:16:07.255Z] >>> HTTP REQUEST GET https://cloudfunctions.googleapis.com/v1/operations/Y2FtcHVzLW5hdi03YmI0MS91cy1jZW50cmFsMS9wYXJzZVNjaGVkdWxlL1pYVDFsZHdQLWFr  
 
[debug] [2018-12-05T21:16:07.373Z] <<< HTTP RESPONSE 200
[debug] [2018-12-05T21:16:09.373Z] >>> HTTP REQUEST GET https://cloudfunctions.googleapis.com/v1/operations/Y2FtcHVzLW5hdi03YmI0MS91cy1jZW50cmFsMS9wYXJzZVNjaGVkdWxlL1pYVDFsZHdQLWFr  
 
[debug] [2018-12-05T21:16:09.493Z] <<< HTTP RESPONSE 200
[debug] [2018-12-05T21:16:11.495Z] >>> HTTP REQUEST GET https://cloudfunctions.googleapis.com/v1/operations/Y2FtcHVzLW5hdi03YmI0MS91cy1jZW50cmFsMS9wYXJzZVNjaGVkdWxlL1pYVDFsZHdQLWFr  
 
[debug] [2018-12-05T21:16:11.613Z] <<< HTTP RESPONSE 200
[debug] [2018-12-05T21:16:13.613Z] >>> HTTP REQUEST GET https://cloudfunctions.googleapis.com/v1/operations/Y2FtcHVzLW5hdi03YmI0MS91cy1jZW50cmFsMS9wYXJzZVNjaGVkdWxlL1pYVDFsZHdQLWFr  
 
[debug] [2018-12-05T21:16:13.727Z] <<< HTTP RESPONSE 200
[debug] [2018-12-05T21:16:15.728Z] >>> HTTP REQUEST GET https://cloudfunctions.googleapis.com/v1/operations/Y2FtcHVzLW5hdi03YmI0MS91cy1jZW50cmFsMS9wYXJzZVNjaGVkdWxlL1pYVDFsZHdQLWFr  
 
[debug] [2018-12-05T21:16:15.834Z] <<< HTTP RESPONSE 200
[debug] [2018-12-05T21:16:17.836Z] >>> HTTP REQUEST GET https://cloudfunctions.googleapis.com/v1/operations/Y2FtcHVzLW5hdi03YmI0MS91cy1jZW50cmFsMS9wYXJzZVNjaGVkdWxlL1pYVDFsZHdQLWFr  
 
[debug] [2018-12-05T21:16:17.957Z] <<< HTTP RESPONSE 200
[debug] [2018-12-05T21:16:19.958Z] >>> HTTP REQUEST GET https://cloudfunctions.googleapis.com/v1/operations/Y2FtcHVzLW5hdi03YmI0MS91cy1jZW50cmFsMS9wYXJzZVNjaGVkdWxlL1pYVDFsZHdQLWFr  
 
[debug] [2018-12-05T21:16:20.078Z] <<< HTTP RESPONSE 200
[debug] [2018-12-05T21:16:22.079Z] >>> HTTP REQUEST GET https://cloudfunctions.googleapis.com/v1/operations/Y2FtcHVzLW5hdi03YmI0MS91cy1jZW50cmFsMS9wYXJzZVNjaGVkdWxlL1pYVDFsZHdQLWFr  
 
[debug] [2018-12-05T21:16:22.180Z] <<< HTTP RESPONSE 200
